2023-10-16 10:51:28,785 INFO Included extra file "/etc/supervisor.d/server.ini" during parsing
2023-10-16 10:51:28,785 INFO Included extra file "/etc/supervisor.d/supervisord.ini" during parsing
2023-10-16 10:51:28,786 INFO Set uid to user 0 succeeded
2023-10-16 10:51:28,789 INFO supervisord started with pid 1
2023-10-16 10:51:29,792 INFO spawned: 'server' with pid 6
2023-10-16 10:51:30,875 INFO success: server entered RUNNING state, process has stayed up for > than 1 seconds (startsecs)
2023-10-16 10:54:29,055 WARN received SIGTERM indicating exit request
2023-10-16 10:54:29,055 INFO waiting for server to die
2023-10-16 11:33:18,975 INFO Included extra file "/etc/supervisor.d/server.ini" during parsing
2023-10-16 11:33:18,975 INFO Included extra file "/etc/supervisor.d/supervisord.ini" during parsing
2023-10-16 11:33:18,975 INFO Set uid to user 0 succeeded
2023-10-16 11:33:18,981 INFO supervisord started with pid 1
2023-10-16 11:33:19,988 INFO spawned: 'server' with pid 6
2023-10-16 11:33:21,163 INFO success: server entered RUNNING state, process has stayed up for > than 1 seconds (startsecs)
2023-10-16 12:14:07,618 WARN received SIGTERM indicating exit request
2023-10-16 12:14:07,622 INFO waiting for server to die
2023-10-16 12:14:07,624 INFO stopped: server (terminated by SIGTERM)
2023-10-16 12:17:28,059 INFO Included extra file "/etc/supervisor.d/server.ini" during parsing
2023-10-16 12:17:28,059 INFO Included extra file "/etc/supervisor.d/supervisord.ini" during parsing
2023-10-16 12:17:28,059 INFO Set uid to user 0 succeeded
2023-10-16 12:17:28,064 INFO supervisord started with pid 1
2023-10-16 12:17:29,066 INFO spawned: 'server' with pid 7
2023-10-16 12:17:30,118 INFO success: server entered RUNNING state, process has stayed up for > than 1 seconds (startsecs)
2023-10-16 12:19:24,235 WARN received SIGTERM indicating exit request
2023-10-16 12:19:24,235 INFO waiting for server to die
2023-10-16 12:19:25,238 INFO stopped: server (terminated by SIGTERM)
